2024-03-10 20:52:56,621 : INFO : Test_Registration : test_register_001 : Going to Url
2024-03-10 20:53:02,230 : INFO : Test_Registration : test_register_001 : Open Register Menu
2024-03-10 20:53:06,514 : INFO : Test_Registration : test_register_001 : click on male Radio btn
2024-03-10 20:53:06,586 : INFO : Test_Registration : test_register_001 : Enter firstname -->Rajesh
2024-03-10 20:53:06,614 : INFO : Test_Registration : test_register_001 : Enter lastname -->Nimje
2024-03-10 20:53:06,855 : INFO : Test_Registration : test_register_001 : Enter day
2024-03-10 20:53:09,085 : INFO : Test_Registration : test_register_001 : Enter month
2024-03-10 20:53:11,331 : INFO : Test_Registration : test_register_001 : Enter year
2024-03-10 20:53:11,357 : INFO : Test_Registration : test_register_001 : Enter email -->rajeshnimje8@gmail.com
2024-03-10 20:53:11,390 : INFO : Test_Registration : test_register_001 : Enter company name -->Infosys
2024-03-10 20:53:11,615 : INFO : Test_Registration : test_register_001 : Click on newsletter box
2024-03-10 20:53:11,645 : INFO : Test_Registration : test_register_001 : Enter password -->Rajesh@11
2024-03-10 20:53:11,677 : INFO : Test_Registration : test_register_001 : Enter confirm pass -->Rajesh@11
2024-03-10 20:53:13,968 : INFO : Test_Registration : test_register_001 : Click on register btn
2024-03-10 20:53:18,983 : INFO : Test_Registration : test_register_001 : click on male Radio btn
2024-03-10 20:53:19,020 : INFO : Test_Registration : test_register_001 : Enter firstname -->Rajesh
2024-03-10 20:53:19,052 : INFO : Test_Registration : test_register_001 : Enter lastname -->Nimje
2024-03-10 20:53:19,302 : INFO : Test_Registration : test_register_001 : Enter day
2024-03-10 20:53:21,555 : INFO : Test_Registration : test_register_001 : Enter month
2024-03-10 20:53:23,799 : INFO : Test_Registration : test_register_001 : Enter year
2024-03-10 20:53:23,815 : INFO : Test_Registration : test_register_001 : Enter email -->rajesh@
2024-03-10 20:53:23,863 : INFO : Test_Registration : test_register_001 : Enter company name -->Infosys
2024-03-10 20:53:24,097 : INFO : Test_Registration : test_register_001 : Click on newsletter box
2024-03-10 20:53:24,119 : INFO : Test_Registration : test_register_001 : Enter password -->Rajesh@11
2024-03-10 20:53:24,151 : INFO : Test_Registration : test_register_001 : Enter confirm pass -->Rajesh@11
2024-03-10 20:53:24,396 : INFO : Test_Registration : test_register_001 : Click on register btn
2024-03-10 20:53:28,705 : INFO : Test_Registration : test_register_001 : click on male Radio btn
2024-03-10 20:53:28,747 : INFO : Test_Registration : test_register_001 : Enter firstname -->Rajesh
2024-03-10 20:53:28,784 : INFO : Test_Registration : test_register_001 : Enter lastname -->Nimje
2024-03-10 20:53:28,797 : INFO : Test_Registration : test_register_001 : Enter day
2024-03-10 20:53:30,811 : INFO : Test_Registration : test_register_001 : Enter month
2024-03-10 20:53:32,822 : INFO : Test_Registration : test_register_001 : Enter year
2024-03-10 20:53:32,893 : INFO : Test_Registration : test_register_001 : Enter email -->rajeshnimje8@gmail.com
2024-03-10 20:53:32,941 : INFO : Test_Registration : test_register_001 : Enter company name -->Infosys
2024-03-10 20:53:33,172 : INFO : Test_Registration : test_register_001 : Click on newsletter box
2024-03-10 20:53:33,213 : INFO : Test_Registration : test_register_001 : Enter password -->Rajesh@11
2024-03-10 20:53:33,262 : INFO : Test_Registration : test_register_001 : Enter confirm pass -->Rajesh@11
2024-03-10 20:53:33,933 : INFO : Test_Registration : test_register_001 : Click on register btn
2024-03-10 20:53:38,273 : INFO : Test_Registration : test_register_001 : click on male Radio btn
2024-03-10 20:53:38,325 : INFO : Test_Registration : test_register_001 : Enter firstname -->Rajesh
2024-03-10 20:53:38,370 : INFO : Test_Registration : test_register_001 : Enter lastname -->Nimje
2024-03-10 20:53:38,383 : INFO : Test_Registration : test_register_001 : Enter day
2024-03-10 20:53:40,396 : INFO : Test_Registration : test_register_001 : Enter month
2024-03-10 20:53:42,407 : INFO : Test_Registration : test_register_001 : Enter year
2024-03-10 20:53:42,459 : INFO : Test_Registration : test_register_001 : Enter email -->rajeshnimje8@gmail.com
2024-03-10 20:53:42,499 : INFO : Test_Registration : test_register_001 : Enter company name -->Infosys
2024-03-10 20:53:42,722 : INFO : Test_Registration : test_register_001 : Click on newsletter box
2024-03-10 20:53:42,745 : INFO : Test_Registration : test_register_001 : Enter password -->Rajesh@11
2024-03-10 20:53:42,775 : INFO : Test_Registration : test_register_001 : Enter confirm pass -->raj
2024-03-10 20:53:43,522 : INFO : Test_Registration : test_register_001 : Click on register btn
2024-03-10 21:08:54,989 : INFO : Test_Registration : test_register_001 : Going to Url
2024-03-10 21:09:00,387 : INFO : Test_Registration : test_register_001 : Open Register Menu
2024-03-10 21:11:20,905 : INFO : Test_Registration : test_register_001 : Going to Url
2024-03-10 21:11:26,938 : INFO : Test_Registration : test_register_001 : Open Register Menu
2024-03-10 21:11:31,229 : INFO : Test_Registration : test_register_001 : click on male Radio btn
2024-03-10 21:11:31,303 : INFO : Test_Registration : test_register_001 : Enter firstname -->Rajesh
2024-03-10 21:11:31,334 : INFO : Test_Registration : test_register_001 : Enter lastname -->Nimje
2024-03-10 21:11:31,582 : INFO : Test_Registration : test_register_001 : Enter day
2024-03-10 21:11:33,820 : INFO : Test_Registration : test_register_001 : Enter month
2024-03-10 21:11:36,058 : INFO : Test_Registration : test_register_001 : Enter year
2024-03-10 21:11:36,095 : INFO : Test_Registration : test_register_001 : Enter email -->rajeshnimje9@gmail.com
2024-03-10 21:11:36,131 : INFO : Test_Registration : test_register_001 : Enter company name -->Infosys
2024-03-10 21:11:36,360 : INFO : Test_Registration : test_register_001 : Click on newsletter box
2024-03-10 21:11:36,383 : INFO : Test_Registration : test_register_001 : Enter password -->Rajesh@11
2024-03-10 21:11:36,417 : INFO : Test_Registration : test_register_001 : Enter confirm pass -->Rajesh@11
2024-03-10 21:11:38,559 : INFO : Test_Registration : test_register_001 : Click on register btn
2024-03-10 21:11:43,681 : INFO : Test_Registration : test_register_001 : click on male Radio btn
2024-03-10 21:11:43,722 : INFO : Test_Registration : test_register_001 : Enter firstname -->Rajesh
2024-03-10 21:11:43,757 : INFO : Test_Registration : test_register_001 : Enter lastname -->Nimje
2024-03-10 21:11:44,000 : INFO : Test_Registration : test_register_001 : Enter day
2024-03-10 21:11:46,251 : INFO : Test_Registration : test_register_001 : Enter month
2024-03-10 21:11:48,493 : INFO : Test_Registration : test_register_001 : Enter year
2024-03-10 21:11:48,521 : INFO : Test_Registration : test_register_001 : Enter email -->rajesh@
2024-03-10 21:11:48,559 : INFO : Test_Registration : test_register_001 : Enter company name -->Infosys
2024-03-10 21:11:48,794 : INFO : Test_Registration : test_register_001 : Click on newsletter box
2024-03-10 21:11:48,815 : INFO : Test_Registration : test_register_001 : Enter password -->Rajesh@11
2024-03-10 21:11:48,849 : INFO : Test_Registration : test_register_001 : Enter confirm pass -->Rajesh@11
2024-03-10 21:11:49,080 : INFO : Test_Registration : test_register_001 : Click on register btn
2024-03-10 21:11:53,419 : INFO : Test_Registration : test_register_001 : click on male Radio btn
2024-03-10 21:11:53,462 : INFO : Test_Registration : test_register_001 : Enter firstname -->Rajesh
2024-03-10 21:11:53,501 : INFO : Test_Registration : test_register_001 : Enter lastname -->Nimje
2024-03-10 21:11:53,514 : INFO : Test_Registration : test_register_001 : Enter day
2024-03-10 21:11:55,530 : INFO : Test_Registration : test_register_001 : Enter month
2024-03-10 21:11:57,544 : INFO : Test_Registration : test_register_001 : Enter year
2024-03-10 21:11:57,620 : INFO : Test_Registration : test_register_001 : Enter email -->rajeshnimje9@gmail.com
2024-03-10 21:11:57,655 : INFO : Test_Registration : test_register_001 : Enter company name -->Infosys
2024-03-10 21:11:57,897 : INFO : Test_Registration : test_register_001 : Click on newsletter box
2024-03-10 21:11:57,927 : INFO : Test_Registration : test_register_001 : Enter password -->Rajesh@11
2024-03-10 21:11:57,988 : INFO : Test_Registration : test_register_001 : Enter confirm pass -->Rajesh@11
2024-03-10 21:11:58,616 : INFO : Test_Registration : test_register_001 : Click on register btn
2024-03-10 21:12:02,933 : INFO : Test_Registration : test_register_001 : click on male Radio btn
2024-03-10 21:12:02,994 : INFO : Test_Registration : test_register_001 : Enter firstname -->Rajesh
2024-03-10 21:12:03,028 : INFO : Test_Registration : test_register_001 : Enter lastname -->Nimje
2024-03-10 21:12:03,044 : INFO : Test_Registration : test_register_001 : Enter day
2024-03-10 21:12:05,058 : INFO : Test_Registration : test_register_001 : Enter month
2024-03-10 21:12:07,074 : INFO : Test_Registration : test_register_001 : Enter year
2024-03-10 21:12:07,126 : INFO : Test_Registration : test_register_001 : Enter email -->rajeshnimje9@gmail.com
2024-03-10 21:12:07,163 : INFO : Test_Registration : test_register_001 : Enter company name -->Infosys
2024-03-10 21:12:07,385 : INFO : Test_Registration : test_register_001 : Click on newsletter box
2024-03-10 21:12:07,411 : INFO : Test_Registration : test_register_001 : Enter password -->Rajesh@11
2024-03-10 21:12:07,438 : INFO : Test_Registration : test_register_001 : Enter confirm pass -->raj
2024-03-10 21:12:08,187 : INFO : Test_Registration : test_register_001 : Click on register btn
2024-03-11 21:11:28,966 : INFO : Test_Registration : test_register_001 : Going to Url
2024-03-11 21:11:34,511 : INFO : Test_Registration : test_register_001 : Open Register Menu
2024-03-11 21:11:38,843 : INFO : Test_Registration : test_register_001 : click on male Radio btn
2024-03-11 21:11:38,920 : INFO : Test_Registration : test_register_001 : Enter firstname -->Rajesh
2024-03-11 21:11:38,952 : INFO : Test_Registration : test_register_001 : Enter lastname -->Nimje
2024-03-11 21:11:39,206 : INFO : Test_Registration : test_register_001 : Enter day
2024-03-11 21:11:41,447 : INFO : Test_Registration : test_register_001 : Enter month
2024-03-11 21:11:43,680 : INFO : Test_Registration : test_register_001 : Enter year
2024-03-11 21:11:43,711 : INFO : Test_Registration : test_register_001 : Enter email -->rajeshnimje10@gmail.com
2024-03-11 21:11:43,747 : INFO : Test_Registration : test_register_001 : Enter company name -->Infosys
2024-03-11 21:11:43,982 : INFO : Test_Registration : test_register_001 : Click on newsletter box
2024-03-11 21:11:44,007 : INFO : Test_Registration : test_register_001 : Enter password -->Rajesh@11
2024-03-11 21:11:44,040 : INFO : Test_Registration : test_register_001 : Enter confirm pass -->Rajesh@11
2024-03-11 21:11:45,960 : INFO : Test_Registration : test_register_001 : Click on register btn
2024-03-11 21:11:50,759 : INFO : Test_Registration : test_register_001 : click on male Radio btn
2024-03-11 21:11:50,800 : INFO : Test_Registration : test_register_001 : Enter firstname -->Rajesh
2024-03-11 21:11:50,828 : INFO : Test_Registration : test_register_001 : Enter lastname -->Nimje
2024-03-11 21:11:51,074 : INFO : Test_Registration : test_register_001 : Enter day
2024-03-11 21:11:53,305 : INFO : Test_Registration : test_register_001 : Enter month
2024-03-11 21:11:55,552 : INFO : Test_Registration : test_register_001 : Enter year
2024-03-11 21:11:55,578 : INFO : Test_Registration : test_register_001 : Enter email -->rajesh@
2024-03-11 21:11:55,623 : INFO : Test_Registration : test_register_001 : Enter company name -->Infosys
2024-03-11 21:11:55,847 : INFO : Test_Registration : test_register_001 : Click on newsletter box
2024-03-11 21:11:55,874 : INFO : Test_Registration : test_register_001 : Enter password -->Rajesh@11
2024-03-11 21:11:55,907 : INFO : Test_Registration : test_register_001 : Enter confirm pass -->Rajesh@11
2024-03-11 21:11:56,154 : INFO : Test_Registration : test_register_001 : Click on register btn
2024-03-11 21:12:00,485 : INFO : Test_Registration : test_register_001 : click on male Radio btn
2024-03-11 21:12:00,520 : INFO : Test_Registration : test_register_001 : Enter firstname -->Rajesh
2024-03-11 21:12:00,559 : INFO : Test_Registration : test_register_001 : Enter lastname -->Nimje
2024-03-11 21:12:00,573 : INFO : Test_Registration : test_register_001 : Enter day
2024-03-11 21:12:02,585 : INFO : Test_Registration : test_register_001 : Enter month
2024-03-11 21:12:04,597 : INFO : Test_Registration : test_register_001 : Enter year
2024-03-11 21:12:04,662 : INFO : Test_Registration : test_register_001 : Enter email -->rajeshnimje10@gmail.com
2024-03-11 21:12:04,701 : INFO : Test_Registration : test_register_001 : Enter company name -->Infosys
2024-03-11 21:12:04,920 : INFO : Test_Registration : test_register_001 : Click on newsletter box
2024-03-11 21:12:04,960 : INFO : Test_Registration : test_register_001 : Enter password -->Rajesh@11
2024-03-11 21:12:05,005 : INFO : Test_Registration : test_register_001 : Enter confirm pass -->Rajesh@11
2024-03-11 21:12:05,807 : INFO : Test_Registration : test_register_001 : Click on register btn
2024-03-11 21:12:10,134 : INFO : Test_Registration : test_register_001 : click on male Radio btn
2024-03-11 21:12:10,192 : INFO : Test_Registration : test_register_001 : Enter firstname -->Rajesh
2024-03-11 21:12:10,229 : INFO : Test_Registration : test_register_001 : Enter lastname -->Nimje
2024-03-11 21:12:10,242 : INFO : Test_Registration : test_register_001 : Enter day
2024-03-11 21:12:12,245 : INFO : Test_Registration : test_register_001 : Enter month
2024-03-11 21:12:14,267 : INFO : Test_Registration : test_register_001 : Enter year
2024-03-11 21:12:14,307 : INFO : Test_Registration : test_register_001 : Enter email -->rajeshnimje10@gmail.com
2024-03-11 21:12:14,352 : INFO : Test_Registration : test_register_001 : Enter company name -->Infosys
2024-03-11 21:12:14,569 : INFO : Test_Registration : test_register_001 : Click on newsletter box
2024-03-11 21:12:14,585 : INFO : Test_Registration : test_register_001 : Enter password -->Rajesh@11
2024-03-11 21:12:14,633 : INFO : Test_Registration : test_register_001 : Enter confirm pass -->raj
2024-03-11 21:12:15,373 : INFO : Test_Registration : test_register_001 : Click on register btn
2024-03-11 21:18:14,557 : INFO : Test_Registration : test_register_001 : Going to Url
2024-03-11 21:18:20,131 : INFO : Test_Registration : test_register_001 : Open Register Menu
2024-03-11 21:18:24,438 : INFO : Test_Registration : test_register_001 : click on male Radio btn
2024-03-11 21:18:24,515 : INFO : Test_Registration : test_register_001 : Enter firstname -->Rajesh
2024-03-11 21:18:24,544 : INFO : Test_Registration : test_register_001 : Enter lastname -->Nimje
2024-03-11 21:18:24,785 : INFO : Test_Registration : test_register_001 : Enter day
2024-03-11 21:18:27,019 : INFO : Test_Registration : test_register_001 : Enter month
2024-03-11 21:18:29,260 : INFO : Test_Registration : test_register_001 : Enter year
2024-03-11 21:18:29,290 : INFO : Test_Registration : test_register_001 : Enter email -->rajeshnimje11@gmail.com
2024-03-11 21:18:29,320 : INFO : Test_Registration : test_register_001 : Enter company name -->Infosys
2024-03-11 21:18:29,548 : INFO : Test_Registration : test_register_001 : Click on newsletter box
2024-03-11 21:18:29,572 : INFO : Test_Registration : test_register_001 : Enter password -->Rajesh@11
2024-03-11 21:18:29,616 : INFO : Test_Registration : test_register_001 : Enter confirm pass -->Rajesh@11
2024-03-11 21:18:31,657 : INFO : Test_Registration : test_register_001 : Click on register btn
2024-03-11 21:18:36,430 : INFO : Test_Registration : test_register_001 : click on male Radio btn
2024-03-11 21:18:36,468 : INFO : Test_Registration : test_register_001 : Enter firstname -->Rajesh
2024-03-11 21:18:36,501 : INFO : Test_Registration : test_register_001 : Enter lastname -->Nimje
2024-03-11 21:18:36,748 : INFO : Test_Registration : test_register_001 : Enter day
2024-03-11 21:18:38,981 : INFO : Test_Registration : test_register_001 : Enter month
2024-03-11 21:18:41,231 : INFO : Test_Registration : test_register_001 : Enter year
2024-03-11 21:18:41,247 : INFO : Test_Registration : test_register_001 : Enter email -->rajesh@
2024-03-11 21:18:41,294 : INFO : Test_Registration : test_register_001 : Enter company name -->Infosys
2024-03-11 21:18:41,519 : INFO : Test_Registration : test_register_001 : Click on newsletter box
2024-03-11 21:18:41,546 : INFO : Test_Registration : test_register_001 : Enter password -->Rajesh@11
2024-03-11 21:18:41,576 : INFO : Test_Registration : test_register_001 : Enter confirm pass -->Rajesh@11
2024-03-11 21:18:41,824 : INFO : Test_Registration : test_register_001 : Click on register btn
2024-03-11 21:18:46,150 : INFO : Test_Registration : test_register_001 : click on male Radio btn
2024-03-11 21:18:46,187 : INFO : Test_Registration : test_register_001 : Enter firstname -->Rajesh
2024-03-11 21:18:46,222 : INFO : Test_Registration : test_register_001 : Enter lastname -->Nimje
2024-03-11 21:18:46,237 : INFO : Test_Registration : test_register_001 : Enter day
2024-03-11 21:18:48,249 : INFO : Test_Registration : test_register_001 : Enter month
2024-03-11 21:18:50,263 : INFO : Test_Registration : test_register_001 : Enter year
2024-03-11 21:18:50,332 : INFO : Test_Registration : test_register_001 : Enter email -->rajeshnimje11@gmail.com
2024-03-11 21:18:50,372 : INFO : Test_Registration : test_register_001 : Enter company name -->Infosys
2024-03-11 21:18:50,602 : INFO : Test_Registration : test_register_001 : Click on newsletter box
2024-03-11 21:18:50,632 : INFO : Test_Registration : test_register_001 : Enter password -->Rajesh@11
2024-03-11 21:18:50,695 : INFO : Test_Registration : test_register_001 : Enter confirm pass -->Rajesh@11
2024-03-11 21:18:51,212 : INFO : Test_Registration : test_register_001 : Click on register btn
2024-03-11 21:18:55,546 : INFO : Test_Registration : test_register_001 : click on male Radio btn
2024-03-11 21:18:55,599 : INFO : Test_Registration : test_register_001 : Enter firstname -->Rajesh
2024-03-11 21:18:55,635 : INFO : Test_Registration : test_register_001 : Enter lastname -->Nimje
2024-03-11 21:18:55,651 : INFO : Test_Registration : test_register_001 : Enter day
2024-03-11 21:18:57,665 : INFO : Test_Registration : test_register_001 : Enter month
2024-03-11 21:18:59,677 : INFO : Test_Registration : test_register_001 : Enter year
2024-03-11 21:18:59,726 : INFO : Test_Registration : test_register_001 : Enter email -->rajeshnimje11@gmail.com
2024-03-11 21:18:59,771 : INFO : Test_Registration : test_register_001 : Enter company name -->Infosys
2024-03-11 21:18:59,992 : INFO : Test_Registration : test_register_001 : Click on newsletter box
2024-03-11 21:19:00,019 : INFO : Test_Registration : test_register_001 : Enter password -->Rajesh@11
2024-03-11 21:19:00,053 : INFO : Test_Registration : test_register_001 : Enter confirm pass -->raj
2024-03-11 21:19:00,801 : INFO : Test_Registration : test_register_001 : Click on register btn
2024-03-12 20:55:46,612 : INFO : Test_Registration : test_register_001 : Going to Url
2024-03-12 20:55:52,228 : INFO : Test_Registration : test_register_001 : Open Register Menu
2024-03-12 20:55:56,611 : INFO : Test_Registration : test_register_001 : click on male Radio btn
2024-03-12 20:55:56,697 : INFO : Test_Registration : test_register_001 : Enter firstname -->Rajesh
2024-03-12 20:55:56,725 : INFO : Test_Registration : test_register_001 : Enter lastname -->Nimje
2024-03-12 20:55:56,979 : INFO : Test_Registration : test_register_001 : Enter day
2024-03-12 20:55:59,215 : INFO : Test_Registration : test_register_001 : Enter month
2024-03-12 20:56:01,455 : INFO : Test_Registration : test_register_001 : Enter year
2024-03-12 20:56:01,491 : INFO : Test_Registration : test_register_001 : Enter email -->rajeshnimje11@gmail.com
2024-03-12 20:56:01,521 : INFO : Test_Registration : test_register_001 : Enter company name -->Infosys
2024-03-12 20:56:01,758 : INFO : Test_Registration : test_register_001 : Click on newsletter box
2024-03-12 20:56:01,780 : INFO : Test_Registration : test_register_001 : Enter password -->Rajesh@11
2024-03-12 20:56:01,814 : INFO : Test_Registration : test_register_001 : Enter confirm pass -->Rajesh@11
2024-03-12 20:56:03,489 : INFO : Test_Registration : test_register_001 : Click on register btn
2024-03-12 20:56:08,315 : INFO : Test_Registration : test_register_001 : click on male Radio btn
2024-03-12 20:56:08,350 : INFO : Test_Registration : test_register_001 : Enter firstname -->Rajesh
2024-03-12 20:56:08,388 : INFO : Test_Registration : test_register_001 : Enter lastname -->Nimje
2024-03-12 20:56:08,623 : INFO : Test_Registration : test_register_001 : Enter day
2024-03-12 20:56:10,865 : INFO : Test_Registration : test_register_001 : Enter month
2024-03-12 20:56:13,110 : INFO : Test_Registration : test_register_001 : Enter year
2024-03-12 20:56:13,131 : INFO : Test_Registration : test_register_001 : Enter email -->rajesh@
2024-03-12 20:56:13,178 : INFO : Test_Registration : test_register_001 : Enter company name -->Infosys
2024-03-12 20:56:13,401 : INFO : Test_Registration : test_register_001 : Click on newsletter box
2024-03-12 20:56:13,427 : INFO : Test_Registration : test_register_001 : Enter password -->Rajesh@11
2024-03-12 20:56:13,458 : INFO : Test_Registration : test_register_001 : Enter confirm pass -->Rajesh@11
2024-03-12 20:56:13,694 : INFO : Test_Registration : test_register_001 : Click on register btn
2024-03-12 20:56:18,021 : INFO : Test_Registration : test_register_001 : click on male Radio btn
2024-03-12 20:56:18,052 : INFO : Test_Registration : test_register_001 : Enter firstname -->Rajesh
2024-03-12 20:56:18,087 : INFO : Test_Registration : test_register_001 : Enter lastname -->Nimje
2024-03-12 20:56:18,100 : INFO : Test_Registration : test_register_001 : Enter day
2024-03-12 20:56:20,112 : INFO : Test_Registration : test_register_001 : Enter month
2024-03-12 20:56:22,124 : INFO : Test_Registration : test_register_001 : Enter year
2024-03-12 20:56:22,193 : INFO : Test_Registration : test_register_001 : Enter email -->rajeshnimje11@gmail.com
2024-03-12 20:56:22,235 : INFO : Test_Registration : test_register_001 : Enter company name -->Infosys
2024-03-12 20:56:22,454 : INFO : Test_Registration : test_register_001 : Click on newsletter box
2024-03-12 20:56:22,494 : INFO : Test_Registration : test_register_001 : Enter password -->Rajesh@11
2024-03-12 20:56:22,545 : INFO : Test_Registration : test_register_001 : Enter confirm pass -->Rajesh@11
2024-03-12 20:56:23,325 : INFO : Test_Registration : test_register_001 : Click on register btn
2024-03-12 20:56:27,656 : INFO : Test_Registration : test_register_001 : click on male Radio btn
2024-03-12 20:56:27,708 : INFO : Test_Registration : test_register_001 : Enter firstname -->Rajesh
2024-03-12 20:56:27,747 : INFO : Test_Registration : test_register_001 : Enter lastname -->Nimje
2024-03-12 20:56:27,760 : INFO : Test_Registration : test_register_001 : Enter day
2024-03-12 20:56:29,779 : INFO : Test_Registration : test_register_001 : Enter month
2024-03-12 20:56:31,794 : INFO : Test_Registration : test_register_001 : Enter year
2024-03-12 20:56:31,846 : INFO : Test_Registration : test_register_001 : Enter email -->rajeshnimje11@gmail.com
2024-03-12 20:56:31,885 : INFO : Test_Registration : test_register_001 : Enter company name -->Infosys
2024-03-12 20:56:32,119 : INFO : Test_Registration : test_register_001 : Click on newsletter box
2024-03-12 20:56:32,132 : INFO : Test_Registration : test_register_001 : Enter password -->Rajesh@11
2024-03-12 20:56:32,171 : INFO : Test_Registration : test_register_001 : Enter confirm pass -->raj
2024-03-12 20:56:32,904 : INFO : Test_Registration : test_register_001 : Click on register btn
